[2025-05-25T18:41:18.618Z] INFO: API listening on port 3000
[2025-05-25T18:41:18.687Z] INFO: Browser launched
[2025-05-25T18:41:22.293Z] INFO: === GET /captions?video=Pmd6knanPKw
[2025-05-25T18:41:27.919Z] INFO: Fetching captions from https://www.youtube.com/api/timedtext?v=Pmd6knanPKw&ei=UGQzaMDcMdyZ6dsP_6qL4Ac&caps=asr&opi=112496729&xoaf=5&hl=en&ip=0.0.0.0&ipbits=0&expire=1748223680&sparams=ip,ipbits,expire,v,ei,caps,opi,xoaf&signature=BB67BD7CE96F052CA92331938D71F596DB012A86.95B05DE9C549EC00B6016FB5BE11987EAAFBE705&key=yt8&kind=asr&lang=en&variant=punctuated
[2025-05-25T18:41:28.139Z] INFO: Parsed 821 caption lines
[2025-05-25T18:41:32.510Z] INFO: === GET /captions?video=Pmd6knanPKw
[2025-05-25T18:41:32.512Z] INFO: Cache hit for Pmd6knanPKw_en
[2025-05-25T18:42:53.321Z] INFO: API listening on port 3000
[2025-05-25T18:42:53.401Z] INFO: Browser launched
[2025-05-25T18:42:55.961Z] INFO: === GET /captions?video=Pmd6knanPKw
[2025-05-25T18:42:58.316Z] INFO: Fetching captions from https://www.youtube.com/api/timedtext?v=Pmd6knanPKw&ei=rWQzaOLOC-fWxN8P6q6aqQU&caps=asr&opi=112496729&exp=xpe&xoaf=5&hl=en&ip=0.0.0.0&ipbits=0&expire=1748223773&sparams=ip,ipbits,expire,v,ei,caps,opi,exp,xoaf&signature=EA5E6CC683C95004D2E0CCCD63DC22619D616250.7D0E868CF4B9B12DDAB0D0C7A563706E99BCDDD3&key=yt8&kind=asr&lang=en&variant=punctuated
[2025-05-25T18:42:58.405Z] INFO: Parsed 0 caption lines
[2025-05-25T18:43:10.357Z] INFO: API listening on port 3000
[2025-05-25T18:43:10.455Z] INFO: Browser launched
[2025-05-25T18:43:12.324Z] INFO: === GET /captions?video=Pmd6knanPKw
[2025-05-25T18:43:15.062Z] INFO: Fetching captions from https://www.youtube.com/api/timedtext?v=Pmd6knanPKw&ei=vWQzaOf2NrXfvdIPo77eiAc&caps=asr&opi=112496729&xoaf=5&hl=en&ip=0.0.0.0&ipbits=0&expire=1748223789&sparams=ip,ipbits,expire,v,ei,caps,opi,xoaf&signature=47461B97A32B70872539B6055A2F6A807872CB2F.55925E5BA4F9CCFBE0A349F3FF0BFF5DD5086FEA&key=yt8&kind=asr&lang=en&variant=punctuated
[2025-05-25T18:43:15.199Z] INFO: Parsed 821 caption lines
[2025-05-25T18:56:37.636Z] INFO: API listening on port 3000
[2025-05-25T18:56:37.712Z] INFO: Browser launched
[2025-05-25T18:56:53.238Z] INFO: API listening on port 3000
[2025-05-25T18:57:17.518Z] INFO: API listening on port 3000
